INFO: = = = = = = = = = = = = = = = = = = = = 
INFO: ('## Finishing Time:', '2026-01-12 13:21:47')
INFO: Namespace(seed=0, dataset='facebook', device='cuda:0', layers=4, emb_dim=32, num_negatives=8, topK=[1, 5, 10], epoch=5, learning_rate=0.001, batch_size=256, patience=4, predictor='MLP', loss_type='BPR', temp=[0.2, 0.4, 0.6, 0.8], cl_weight=[0.001, 0.01, 0.1])
INFO:  #Users 8814, #Items 369171, #Groups 30

INFO: ██Dataset: 	facebook
INFO: Loading pretrained item embeddings from data/facebook/item_embeddings.npy
INFO: Loaded embeddings with shape torch.Size([369171, 1024])
INFO: Idx = 1 / 12, cl_weight = 0.001, temp = 0.2: 
INFO: Epoch 0, group loss: 0.69900, Cost time: 2.09s
INFO: Epoch 0, user loss: 0.60381, Cost time: 1.74s
INFO: [Epoch 0] Group, Hit@[1, 5, 10]: [0.07778, 0.22222, 0.3], NDCG@[1, 5, 10]: [0.07778, 0.14828, 0.17292]
INFO: [Epoch 0] User, Hit@[1, 5, 10]: [0.18148, 0.40448, 0.51231], NDCG@[1, 5, 10]: [0.18148, 0.29734, 0.33225]
INFO: Epoch 1, group loss: 0.44754, Cost time: 0.08s
INFO: Epoch 1, user loss: 0.41338, Cost time: 2.01s
INFO: [Epoch 1] Group, Hit@[1, 5, 10]: [0.08889, 0.18889, 0.31111], NDCG@[1, 5, 10]: [0.08889, 0.13678, 0.17547]
INFO: [Epoch 1] User, Hit@[1, 5, 10]: [0.19237, 0.42033, 0.52281], NDCG@[1, 5, 10]: [0.19237, 0.31142, 0.34464]
INFO: Epoch 2, group loss: 0.44348, Cost time: 0.08s
INFO: Epoch 2, user loss: 0.36129, Cost time: 1.92s
INFO: [Epoch 2] Group, Hit@[1, 5, 10]: [0.06667, 0.13333, 0.21111], NDCG@[1, 5, 10]: [0.06667, 0.09595, 0.1212]
INFO: [Epoch 2] User, Hit@[1, 5, 10]: [0.18706, 0.41482, 0.52152], NDCG@[1, 5, 10]: [0.18706, 0.3055, 0.34008]
INFO: Epoch 3, group loss: 0.48511, Cost time: 0.10s
INFO: Epoch 3, user loss: 0.33960, Cost time: 1.69s
INFO: [Epoch 3] Group, Hit@[1, 5, 10]: [0.05556, 0.08889, 0.17778], NDCG@[1, 5, 10]: [0.05556, 0.07097, 0.09823]
INFO: [Epoch 3] User, Hit@[1, 5, 10]: [0.17434, 0.39472, 0.50841], NDCG@[1, 5, 10]: [0.17434, 0.28927, 0.32603]
INFO: Epoch 4, group loss: 0.54860, Cost time: 0.07s
INFO: Epoch 4, user loss: 0.33097, Cost time: 1.76s
INFO: [Epoch 4] Group, Hit@[1, 5, 10]: [0.07778, 0.11111, 0.16667], NDCG@[1, 5, 10]: [0.07778, 0.09165, 0.10917]
INFO: [Epoch 4] User, Hit@[1, 5, 10]: [0.16345, 0.37384, 0.48675], NDCG@[1, 5, 10]: [0.16345, 0.27262, 0.30905]
INFO: Idx = 2 / 12, cl_weight = 0.01, temp = 0.2: 
INFO: Epoch 0, group loss: 0.74834, Cost time: 0.08s
INFO: Epoch 0, user loss: 0.59475, Cost time: 1.60s
INFO: [Epoch 0] Group, Hit@[1, 5, 10]: [0.04444, 0.13333, 0.2], NDCG@[1, 5, 10]: [0.04444, 0.08649, 0.10778]
INFO: [Epoch 0] User, Hit@[1, 5, 10]: [0.17711, 0.39433, 0.50248], NDCG@[1, 5, 10]: [0.17711, 0.29002, 0.32503]
INFO: Epoch 1, group loss: 0.48408, Cost time: 0.08s
INFO: Epoch 1, user loss: 0.39964, Cost time: 1.62s
INFO: [Epoch 1] Group, Hit@[1, 5, 10]: [0.07778, 0.12222, 0.24444], NDCG@[1, 5, 10]: [0.07778, 0.09672, 0.13564]
INFO: [Epoch 1] User, Hit@[1, 5, 10]: [0.17793, 0.39547, 0.50279], NDCG@[1, 5, 10]: [0.17793, 0.29142, 0.32627]
INFO: Epoch 2, group loss: 0.43187, Cost time: 0.07s
INFO: Epoch 2, user loss: 0.35202, Cost time: 1.70s
INFO: [Epoch 2] Group, Hit@[1, 5, 10]: [0.11111, 0.14444, 0.21111], NDCG@[1, 5, 10]: [0.11111, 0.12526, 0.14724]
INFO: [Epoch 2] User, Hit@[1, 5, 10]: [0.17067, 0.38735, 0.49584], NDCG@[1, 5, 10]: [0.17067, 0.28323, 0.31828]
INFO: Epoch 3, group loss: 0.41853, Cost time: 0.07s
INFO: Epoch 3, user loss: 0.33587, Cost time: 1.60s
INFO: [Epoch 3] Group, Hit@[1, 5, 10]: [0.07778, 0.14444, 0.23333], NDCG@[1, 5, 10]: [0.07778, 0.10802, 0.13614]
INFO: [Epoch 3] User, Hit@[1, 5, 10]: [0.15915, 0.36815, 0.4761], NDCG@[1, 5, 10]: [0.15915, 0.26764, 0.30245]
INFO: Epoch 4, group loss: 0.38746, Cost time: 0.09s
INFO: Epoch 4, user loss: 0.32837, Cost time: 1.76s
INFO: [Epoch 4] Group, Hit@[1, 5, 10]: [0.02222, 0.12222, 0.24444], NDCG@[1, 5, 10]: [0.02222, 0.07253, 0.1129]
INFO: [Epoch 4] User, Hit@[1, 5, 10]: [0.14897, 0.35023, 0.45721], NDCG@[1, 5, 10]: [0.14897, 0.2532, 0.28775]
INFO: Idx = 3 / 12, cl_weight = 0.1, temp = 0.2: 
INFO: Epoch 0, group loss: 1.25252, Cost time: 0.08s
INFO: Epoch 0, user loss: 0.59691, Cost time: 1.61s
INFO: [Epoch 0] Group, Hit@[1, 5, 10]: [0.0, 0.04444, 0.07778], NDCG@[1, 5, 10]: [0.0, 0.01719, 0.02784]
INFO: [Epoch 0] User, Hit@[1, 5, 10]: [0.17453, 0.39148, 0.50064], NDCG@[1, 5, 10]: [0.17453, 0.28694, 0.32228]
INFO: Epoch 1, group loss: 1.35324, Cost time: 0.09s
INFO: Epoch 1, user loss: 0.39220, Cost time: 1.81s
INFO: [Epoch 1] Group, Hit@[1, 5, 10]: [0.06667, 0.07778, 0.12222], NDCG@[1, 5, 10]: [0.06667, 0.07097, 0.0846]
INFO: [Epoch 1] User, Hit@[1, 5, 10]: [0.17707, 0.39426, 0.50365], NDCG@[1, 5, 10]: [0.17707, 0.29036, 0.32571]
INFO: Epoch 2, group loss: 1.16515, Cost time: 0.09s
INFO: Epoch 2, user loss: 0.34677, Cost time: 1.87s
INFO: [Epoch 2] Group, Hit@[1, 5, 10]: [0.06667, 0.08889, 0.13333], NDCG@[1, 5, 10]: [0.06667, 0.07778, 0.09225]
INFO: [Epoch 2] User, Hit@[1, 5, 10]: [0.16914, 0.38313, 0.49393], NDCG@[1, 5, 10]: [0.16914, 0.28009, 0.31589]
INFO: Epoch 3, group loss: 1.10790, Cost time: 0.08s
INFO: Epoch 3, user loss: 0.33230, Cost time: 1.64s
INFO: [Epoch 3] Group, Hit@[1, 5, 10]: [0.06667, 0.08889, 0.12222], NDCG@[1, 5, 10]: [0.06667, 0.07652, 0.08739]
INFO: [Epoch 3] User, Hit@[1, 5, 10]: [0.1567, 0.36678, 0.48023], NDCG@[1, 5, 10]: [0.1567, 0.26565, 0.30228]
INFO: Epoch 4, group loss: 1.04101, Cost time: 0.09s
INFO: Epoch 4, user loss: 0.32653, Cost time: 1.89s
INFO: [Epoch 4] Group, Hit@[1, 5, 10]: [0.04444, 0.08889, 0.13333], NDCG@[1, 5, 10]: [0.04444, 0.06832, 0.08344]
INFO: [Epoch 4] User, Hit@[1, 5, 10]: [0.14795, 0.35074, 0.46232], NDCG@[1, 5, 10]: [0.14795, 0.25256, 0.2886]
INFO: Idx = 4 / 12, cl_weight = 0.001, temp = 0.4: 
INFO: Epoch 0, group loss: 0.69907, Cost time: 0.08s
INFO: Epoch 0, user loss: 0.58667, Cost time: 1.74s
INFO: [Epoch 0] Group, Hit@[1, 5, 10]: [0.03333, 0.04444, 0.05556], NDCG@[1, 5, 10]: [0.03333, 0.03812, 0.04146]
INFO: [Epoch 0] User, Hit@[1, 5, 10]: [0.18784, 0.41299, 0.51469], NDCG@[1, 5, 10]: [0.18784, 0.30551, 0.33856]
INFO: Epoch 1, group loss: 0.86937, Cost time: 0.06s
INFO: Epoch 1, user loss: 0.42725, Cost time: 1.58s
INFO: [Epoch 1] Group, Hit@[1, 5, 10]: [0.01111, 0.01111, 0.01111], NDCG@[1, 5, 10]: [0.01111, 0.01111, 0.01111]
INFO: [Epoch 1] User, Hit@[1, 5, 10]: [0.19767, 0.42872, 0.52956], NDCG@[1, 5, 10]: [0.19767, 0.31878, 0.35144]
INFO: Epoch 2, group loss: 0.81792, Cost time: 0.06s
INFO: Epoch 2, user loss: 0.38660, Cost time: 1.69s
INFO: [Epoch 2] Group, Hit@[1, 5, 10]: [0.05556, 0.05556, 0.05556], NDCG@[1, 5, 10]: [0.05556, 0.05556, 0.05556]
INFO: [Epoch 2] User, Hit@[1, 5, 10]: [0.20185, 0.43555, 0.53651], NDCG@[1, 5, 10]: [0.20185, 0.3242, 0.35681]
INFO: Epoch 3, group loss: 0.72444, Cost time: 0.07s
INFO: Epoch 3, user loss: 0.36425, Cost time: 1.63s
INFO: [Epoch 3] Group, Hit@[1, 5, 10]: [0.05556, 0.05556, 0.06667], NDCG@[1, 5, 10]: [0.05556, 0.05556, 0.05951]
INFO: [Epoch 3] User, Hit@[1, 5, 10]: [0.19974, 0.43266, 0.53452], NDCG@[1, 5, 10]: [0.19974, 0.32177, 0.35476]
INFO: Epoch 4, group loss: 0.65922, Cost time: 0.08s
INFO: Epoch 4, user loss: 0.34993, Cost time: 1.86s
INFO: [Epoch 4] Group, Hit@[1, 5, 10]: [0.05556, 0.1, 0.1], NDCG@[1, 5, 10]: [0.05556, 0.07526, 0.07526]
INFO: [Epoch 4] User, Hit@[1, 5, 10]: [0.19498, 0.42548, 0.52777], NDCG@[1, 5, 10]: [0.19498, 0.31556, 0.34866]
INFO: Idx = 5 / 12, cl_weight = 0.01, temp = 0.4: 
INFO: Epoch 0, group loss: 0.75073, Cost time: 0.07s
INFO: Epoch 0, user loss: 0.58904, Cost time: 1.68s
INFO: [Epoch 0] Group, Hit@[1, 5, 10]: [0.0, 0.03333, 0.04444], NDCG@[1, 5, 10]: [0.0, 0.01387, 0.01721]
INFO: [Epoch 0] User, Hit@[1, 5, 10]: [0.18694, 0.40951, 0.51302], NDCG@[1, 5, 10]: [0.18694, 0.30271, 0.33621]
INFO: Epoch 1, group loss: 0.87751, Cost time: 0.10s
INFO: Epoch 1, user loss: 0.42143, Cost time: 1.75s
INFO: [Epoch 1] Group, Hit@[1, 5, 10]: [0.0, 0.02222, 0.06667], NDCG@[1, 5, 10]: [0.0, 0.01034, 0.02397]
INFO: [Epoch 1] User, Hit@[1, 5, 10]: [0.19935, 0.43036, 0.53218], NDCG@[1, 5, 10]: [0.19935, 0.31997, 0.35299]
INFO: Epoch 2, group loss: 0.68566, Cost time: 0.07s
INFO: Epoch 2, user loss: 0.37392, Cost time: 1.59s
INFO: [Epoch 2] Group, Hit@[1, 5, 10]: [0.11111, 0.11111, 0.17778], NDCG@[1, 5, 10]: [0.11111, 0.11111, 0.13267]
INFO: [Epoch 2] User, Hit@[1, 5, 10]: [0.19939, 0.43453, 0.53815], NDCG@[1, 5, 10]: [0.19939, 0.32245, 0.35597]
INFO: Epoch 3, group loss: 0.60744, Cost time: 0.07s
INFO: Epoch 3, user loss: 0.35119, Cost time: 1.59s
INFO: [Epoch 3] Group, Hit@[1, 5, 10]: [0.1, 0.12222, 0.17778], NDCG@[1, 5, 10]: [0.1, 0.11402, 0.13109]
INFO: [Epoch 3] User, Hit@[1, 5, 10]: [0.19443, 0.42634, 0.5319], NDCG@[1, 5, 10]: [0.19443, 0.31568, 0.34984]
INFO: Epoch 4, group loss: 0.61561, Cost time: 0.08s
INFO: Epoch 4, user loss: 0.33986, Cost time: 1.72s
INFO: [Epoch 4] Group, Hit@[1, 5, 10]: [0.13333, 0.16667, 0.2], NDCG@[1, 5, 10]: [0.13333, 0.15068, 0.16136]
INFO: [Epoch 4] User, Hit@[1, 5, 10]: [0.18663, 0.40963, 0.51786], NDCG@[1, 5, 10]: [0.18663, 0.30348, 0.33849]
INFO: Idx = 6 / 12, cl_weight = 0.1, temp = 0.4: 
INFO: Epoch 0, group loss: 1.23890, Cost time: 0.09s
INFO: Epoch 0, user loss: 0.59425, Cost time: 1.90s
INFO: [Epoch 0] Group, Hit@[1, 5, 10]: [0.06667, 0.08889, 0.14444], NDCG@[1, 5, 10]: [0.06667, 0.07652, 0.0946]
INFO: [Epoch 0] User, Hit@[1, 5, 10]: [0.17605, 0.3932, 0.49998], NDCG@[1, 5, 10]: [0.17605, 0.28929, 0.32382]
INFO: Epoch 1, group loss: 1.19615, Cost time: 0.07s
INFO: Epoch 1, user loss: 0.40462, Cost time: 1.87s
INFO: [Epoch 1] Group, Hit@[1, 5, 10]: [0.03333, 0.08889, 0.15556], NDCG@[1, 5, 10]: [0.03333, 0.06296, 0.08439]
INFO: [Epoch 1] User, Hit@[1, 5, 10]: [0.18706, 0.40479, 0.51056], NDCG@[1, 5, 10]: [0.18706, 0.30077, 0.33502]
INFO: Epoch 2, group loss: 1.15110, Cost time: 0.06s
INFO: Epoch 2, user loss: 0.35530, Cost time: 1.63s
INFO: [Epoch 2] Group, Hit@[1, 5, 10]: [0.02222, 0.1, 0.17778], NDCG@[1, 5, 10]: [0.02222, 0.06471, 0.08973]
INFO: [Epoch 2] User, Hit@[1, 5, 10]: [0.18351, 0.40027, 0.50685], NDCG@[1, 5, 10]: [0.18351, 0.29662, 0.33114]
INFO: Epoch 3, group loss: 1.02412, Cost time: 0.10s
INFO: Epoch 3, user loss: 0.33656, Cost time: 1.66s
INFO: [Epoch 3] Group, Hit@[1, 5, 10]: [0.04444, 0.1, 0.16667], NDCG@[1, 5, 10]: [0.04444, 0.07436, 0.09531]
INFO: [Epoch 3] User, Hit@[1, 5, 10]: [0.17535, 0.38555, 0.49296], NDCG@[1, 5, 10]: [0.17535, 0.28492, 0.31958]
INFO: Epoch 4, group loss: 0.96667, Cost time: 0.06s
INFO: Epoch 4, user loss: 0.32797, Cost time: 1.75s
INFO: [Epoch 4] Group, Hit@[1, 5, 10]: [0.05556, 0.12222, 0.16667], NDCG@[1, 5, 10]: [0.05556, 0.08928, 0.10325]
INFO: [Epoch 4] User, Hit@[1, 5, 10]: [0.16399, 0.36787, 0.47453], NDCG@[1, 5, 10]: [0.16399, 0.27011, 0.30446]
INFO: Idx = 7 / 12, cl_weight = 0.001, temp = 0.6: 
INFO: Epoch 0, group loss: 0.69683, Cost time: 0.07s
INFO: Epoch 0, user loss: 0.59438, Cost time: 1.74s
INFO: [Epoch 0] Group, Hit@[1, 5, 10]: [0.05556, 0.14444, 0.23333], NDCG@[1, 5, 10]: [0.05556, 0.09691, 0.1259]
INFO: [Epoch 0] User, Hit@[1, 5, 10]: [0.18924, 0.4151, 0.51407], NDCG@[1, 5, 10]: [0.18924, 0.30661, 0.33868]
INFO: Epoch 1, group loss: 0.38535, Cost time: 0.07s
INFO: Epoch 1, user loss: 0.43042, Cost time: 1.60s
INFO: [Epoch 1] Group, Hit@[1, 5, 10]: [0.03333, 0.1, 0.15556], NDCG@[1, 5, 10]: [0.03333, 0.06609, 0.08287]
INFO: [Epoch 1] User, Hit@[1, 5, 10]: [0.20185, 0.43726, 0.53339], NDCG@[1, 5, 10]: [0.20185, 0.32518, 0.35632]
INFO: Epoch 2, group loss: 0.36660, Cost time: 0.06s
INFO: Epoch 2, user loss: 0.38824, Cost time: 1.61s
INFO: [Epoch 2] Group, Hit@[1, 5, 10]: [0.06667, 0.08889, 0.12222], NDCG@[1, 5, 10]: [0.06667, 0.08069, 0.0912]
INFO: [Epoch 2] User, Hit@[1, 5, 10]: [0.2079, 0.44659, 0.54482], NDCG@[1, 5, 10]: [0.2079, 0.33324, 0.36504]
INFO: Epoch 3, group loss: 0.45462, Cost time: 0.09s
INFO: Epoch 3, user loss: 0.36285, Cost time: 1.88s
INFO: [Epoch 3] Group, Hit@[1, 5, 10]: [0.13333, 0.13333, 0.13333], NDCG@[1, 5, 10]: [0.13333, 0.13333, 0.13333]
INFO: [Epoch 3] User, Hit@[1, 5, 10]: [0.207, 0.44679, 0.54931], NDCG@[1, 5, 10]: [0.207, 0.33281, 0.366]
INFO: Epoch 4, group loss: 0.53180, Cost time: 0.08s
INFO: Epoch 4, user loss: 0.34847, Cost time: 1.61s
INFO: [Epoch 4] Group, Hit@[1, 5, 10]: [0.14444, 0.14444, 0.15556], NDCG@[1, 5, 10]: [0.14444, 0.14444, 0.14766]
INFO: [Epoch 4] User, Hit@[1, 5, 10]: [0.20392, 0.44124, 0.54451], NDCG@[1, 5, 10]: [0.20392, 0.3276, 0.36099]
INFO: Idx = 8 / 12, cl_weight = 0.01, temp = 0.6: 
INFO: Epoch 0, group loss: 0.74821, Cost time: 0.07s
INFO: Epoch 0, user loss: 0.60022, Cost time: 1.63s
INFO: [Epoch 0] Group, Hit@[1, 5, 10]: [0.0, 0.0, 0.0], NDCG@[1, 5, 10]: [0.0, 0.0, 0.0]
INFO: [Epoch 0] User, Hit@[1, 5, 10]: [0.18198, 0.4071, 0.51184], NDCG@[1, 5, 10]: [0.18198, 0.29924, 0.33317]
INFO: Epoch 1, group loss: 0.74412, Cost time: 0.08s
INFO: Epoch 1, user loss: 0.42412, Cost time: 1.80s
INFO: [Epoch 1] Group, Hit@[1, 5, 10]: [0.02222, 0.03333, 0.03333], NDCG@[1, 5, 10]: [0.02222, 0.02923, 0.02923]
INFO: [Epoch 1] User, Hit@[1, 5, 10]: [0.19693, 0.42989, 0.52949], NDCG@[1, 5, 10]: [0.19693, 0.31882, 0.35113]
INFO: Epoch 2, group loss: 0.71978, Cost time: 0.09s
INFO: Epoch 2, user loss: 0.37414, Cost time: 1.89s
INFO: [Epoch 2] Group, Hit@[1, 5, 10]: [0.01111, 0.02222, 0.02222], NDCG@[1, 5, 10]: [0.01111, 0.0159, 0.0159]
INFO: [Epoch 2] User, Hit@[1, 5, 10]: [0.20021, 0.43633, 0.53983], NDCG@[1, 5, 10]: [0.20021, 0.32383, 0.35735]
INFO: Epoch 3, group loss: 0.64420, Cost time: 0.08s
INFO: Epoch 3, user loss: 0.35275, Cost time: 1.78s
INFO: [Epoch 3] Group, Hit@[1, 5, 10]: [0.01111, 0.02222, 0.06667], NDCG@[1, 5, 10]: [0.01111, 0.01667, 0.02981]
INFO: [Epoch 3] User, Hit@[1, 5, 10]: [0.19436, 0.42723, 0.53655], NDCG@[1, 5, 10]: [0.19436, 0.31634, 0.35181]
INFO: Epoch 4, group loss: 0.57502, Cost time: 0.10s
INFO: Epoch 4, user loss: 0.34055, Cost time: 1.85s
INFO: [Epoch 4] Group, Hit@[1, 5, 10]: [0.0, 0.04444, 0.08889], NDCG@[1, 5, 10]: [0.0, 0.02513, 0.03975]
INFO: [Epoch 4] User, Hit@[1, 5, 10]: [0.18718, 0.41166, 0.52211], NDCG@[1, 5, 10]: [0.18718, 0.30441, 0.3402]
INFO: Idx = 9 / 12, cl_weight = 0.1, temp = 0.6: 
INFO: Epoch 0, group loss: 1.24263, Cost time: 0.08s
INFO: Epoch 0, user loss: 0.59623, Cost time: 1.67s
INFO: [Epoch 0] Group, Hit@[1, 5, 10]: [0.05556, 0.08889, 0.15556], NDCG@[1, 5, 10]: [0.05556, 0.06845, 0.08968]
INFO: [Epoch 0] User, Hit@[1, 5, 10]: [0.17512, 0.39176, 0.49647], NDCG@[1, 5, 10]: [0.17512, 0.28763, 0.32148]
INFO: Epoch 1, group loss: 1.01509, Cost time: 0.08s
INFO: Epoch 1, user loss: 0.40033, Cost time: 1.60s
INFO: [Epoch 1] Group, Hit@[1, 5, 10]: [0.07778, 0.11111, 0.18889], NDCG@[1, 5, 10]: [0.07778, 0.09242, 0.11724]
INFO: [Epoch 1] User, Hit@[1, 5, 10]: [0.18491, 0.40347, 0.50954], NDCG@[1, 5, 10]: [0.18491, 0.29889, 0.33328]
INFO: Epoch 2, group loss: 1.00314, Cost time: 0.07s
INFO: Epoch 2, user loss: 0.35144, Cost time: 1.71s
INFO: [Epoch 2] Group, Hit@[1, 5, 10]: [0.04444, 0.08889, 0.17778], NDCG@[1, 5, 10]: [0.04444, 0.06513, 0.09194]
INFO: [Epoch 2] User, Hit@[1, 5, 10]: [0.18093, 0.39894, 0.50529], NDCG@[1, 5, 10]: [0.18093, 0.29469, 0.32917]
INFO: Epoch 3, group loss: 0.97330, Cost time: 0.07s
INFO: Epoch 3, user loss: 0.33499, Cost time: 1.68s
INFO: [Epoch 3] Group, Hit@[1, 5, 10]: [0.03333, 0.08889, 0.14444], NDCG@[1, 5, 10]: [0.03333, 0.05977, 0.07675]
INFO: [Epoch 3] User, Hit@[1, 5, 10]: [0.17258, 0.38329, 0.49241], NDCG@[1, 5, 10]: [0.17258, 0.28207, 0.31735]
INFO: Epoch 4, group loss: 0.93082, Cost time: 0.08s
INFO: Epoch 4, user loss: 0.32699, Cost time: 1.76s
INFO: [Epoch 4] Group, Hit@[1, 5, 10]: [0.01111, 0.06667, 0.13333], NDCG@[1, 5, 10]: [0.01111, 0.03735, 0.058]
INFO: [Epoch 4] User, Hit@[1, 5, 10]: [0.1638, 0.36752, 0.47914], NDCG@[1, 5, 10]: [0.1638, 0.26946, 0.30548]
INFO: Idx = 10 / 12, cl_weight = 0.001, temp = 0.8: 
INFO: Epoch 0, group loss: 0.69933, Cost time: 0.09s
INFO: Epoch 0, user loss: 0.58802, Cost time: 1.91s
INFO: [Epoch 0] Group, Hit@[1, 5, 10]: [0.01111, 0.06667, 0.14444], NDCG@[1, 5, 10]: [0.01111, 0.03977, 0.06541]
INFO: [Epoch 0] User, Hit@[1, 5, 10]: [0.19018, 0.41342, 0.51598], NDCG@[1, 5, 10]: [0.19018, 0.30636, 0.33956]
INFO: Epoch 1, group loss: 0.53992, Cost time: 0.06s
INFO: Epoch 1, user loss: 0.42464, Cost time: 1.94s
INFO: [Epoch 1] Group, Hit@[1, 5, 10]: [0.02222, 0.1, 0.15556], NDCG@[1, 5, 10]: [0.02222, 0.05997, 0.07708]
INFO: [Epoch 1] User, Hit@[1, 5, 10]: [0.20111, 0.43203, 0.53308], NDCG@[1, 5, 10]: [0.20111, 0.322, 0.35471]
INFO: Epoch 2, group loss: 0.47279, Cost time: 0.08s
INFO: Epoch 2, user loss: 0.38191, Cost time: 1.60s
INFO: [Epoch 2] Group, Hit@[1, 5, 10]: [0.03333, 0.1, 0.21111], NDCG@[1, 5, 10]: [0.03333, 0.06281, 0.09932]
INFO: [Epoch 2] User, Hit@[1, 5, 10]: [0.20388, 0.43621, 0.5417], NDCG@[1, 5, 10]: [0.20388, 0.32583, 0.36005]
INFO: Epoch 3, group loss: 0.55735, Cost time: 0.07s
INFO: Epoch 3, user loss: 0.35925, Cost time: 1.61s
INFO: [Epoch 3] Group, Hit@[1, 5, 10]: [0.04444, 0.11111, 0.23333], NDCG@[1, 5, 10]: [0.04444, 0.07943, 0.11706]
INFO: [Epoch 3] User, Hit@[1, 5, 10]: [0.19873, 0.43293, 0.54108], NDCG@[1, 5, 10]: [0.19873, 0.32131, 0.35626]
INFO: Epoch 4, group loss: 0.48486, Cost time: 0.07s
INFO: Epoch 4, user loss: 0.34288, Cost time: 1.60s
INFO: [Epoch 4] Group, Hit@[1, 5, 10]: [0.04444, 0.12222, 0.2], NDCG@[1, 5, 10]: [0.04444, 0.07851, 0.10283]
INFO: [Epoch 4] User, Hit@[1, 5, 10]: [0.19186, 0.41736, 0.52625], NDCG@[1, 5, 10]: [0.19186, 0.30945, 0.34469]
INFO: Idx = 11 / 12, cl_weight = 0.01, temp = 0.8: 
INFO: Epoch 0, group loss: 0.74814, Cost time: 0.08s
INFO: Epoch 0, user loss: 0.58669, Cost time: 1.92s
INFO: [Epoch 0] Group, Hit@[1, 5, 10]: [0.05556, 0.18889, 0.32222], NDCG@[1, 5, 10]: [0.05556, 0.12447, 0.16592]
INFO: [Epoch 0] User, Hit@[1, 5, 10]: [0.18975, 0.41346, 0.51817], NDCG@[1, 5, 10]: [0.18975, 0.30632, 0.34029]
INFO: Epoch 1, group loss: 0.58137, Cost time: 0.06s
INFO: Epoch 1, user loss: 0.42199, Cost time: 1.57s
INFO: [Epoch 1] Group, Hit@[1, 5, 10]: [0.06667, 0.16667, 0.28889], NDCG@[1, 5, 10]: [0.06667, 0.11746, 0.15398]
INFO: [Epoch 1] User, Hit@[1, 5, 10]: [0.19865, 0.42876, 0.52839], NDCG@[1, 5, 10]: [0.19865, 0.31908, 0.35134]
INFO: Epoch 2, group loss: 0.54388, Cost time: 0.08s
INFO: Epoch 2, user loss: 0.38055, Cost time: 1.61s
INFO: [Epoch 2] Group, Hit@[1, 5, 10]: [0.05556, 0.14444, 0.22222], NDCG@[1, 5, 10]: [0.05556, 0.09788, 0.12255]
INFO: [Epoch 2] User, Hit@[1, 5, 10]: [0.20244, 0.43664, 0.53745], NDCG@[1, 5, 10]: [0.20244, 0.32497, 0.35758]
INFO: Epoch 3, group loss: 0.54446, Cost time: 0.07s
INFO: Epoch 3, user loss: 0.35661, Cost time: 1.60s
INFO: [Epoch 3] Group, Hit@[1, 5, 10]: [0.05556, 0.11111, 0.24444], NDCG@[1, 5, 10]: [0.05556, 0.08276, 0.12454]
INFO: [Epoch 3] User, Hit@[1, 5, 10]: [0.19553, 0.4293, 0.53288], NDCG@[1, 5, 10]: [0.19553, 0.3179, 0.35135]
INFO: Epoch 4, group loss: 0.54259, Cost time: 0.08s
INFO: Epoch 4, user loss: 0.34278, Cost time: 1.82s
INFO: [Epoch 4] Group, Hit@[1, 5, 10]: [0.06667, 0.11111, 0.23333], NDCG@[1, 5, 10]: [0.06667, 0.09054, 0.12901]
INFO: [Epoch 4] User, Hit@[1, 5, 10]: [0.19026, 0.41603, 0.52332], NDCG@[1, 5, 10]: [0.19026, 0.30817, 0.34291]
INFO: Idx = 12 / 12, cl_weight = 0.1, temp = 0.8: 
INFO: Epoch 0, group loss: 1.24086, Cost time: 0.10s
INFO: Epoch 0, user loss: 0.60348, Cost time: 1.73s
INFO: [Epoch 0] Group, Hit@[1, 5, 10]: [0.0, 0.0, 0.0], NDCG@[1, 5, 10]: [0.0, 0.0, 0.0]
INFO: [Epoch 0] User, Hit@[1, 5, 10]: [0.18245, 0.40651, 0.51391], NDCG@[1, 5, 10]: [0.18245, 0.29939, 0.33414]
INFO: Epoch 1, group loss: 1.32452, Cost time: 0.07s
INFO: Epoch 1, user loss: 0.41072, Cost time: 1.60s
INFO: [Epoch 1] Group, Hit@[1, 5, 10]: [0.04444, 0.04444, 0.06667], NDCG@[1, 5, 10]: [0.04444, 0.04444, 0.05145]
INFO: [Epoch 1] User, Hit@[1, 5, 10]: [0.19295, 0.41849, 0.5282], NDCG@[1, 5, 10]: [0.19295, 0.31068, 0.34621]
INFO: Epoch 2, group loss: 1.25284, Cost time: 0.08s
INFO: Epoch 2, user loss: 0.35819, Cost time: 1.59s
INFO: [Epoch 2] Group, Hit@[1, 5, 10]: [0.1, 0.1, 0.12222], NDCG@[1, 5, 10]: [0.1, 0.1, 0.10672]
INFO: [Epoch 2] User, Hit@[1, 5, 10]: [0.18741, 0.41318, 0.5232], NDCG@[1, 5, 10]: [0.18741, 0.30559, 0.34125]
INFO: Epoch 3, group loss: 1.17455, Cost time: 0.07s
INFO: Epoch 3, user loss: 0.33809, Cost time: 1.59s
INFO: [Epoch 3] Group, Hit@[1, 5, 10]: [0.11111, 0.12222, 0.15556], NDCG@[1, 5, 10]: [0.11111, 0.11541, 0.12596]
INFO: [Epoch 3] User, Hit@[1, 5, 10]: [0.17231, 0.39164, 0.50373], NDCG@[1, 5, 10]: [0.17231, 0.28656, 0.32275]
INFO: Epoch 4, group loss: 1.13266, Cost time: 0.08s
INFO: Epoch 4, user loss: 0.32895, Cost time: 1.70s
INFO: [Epoch 4] Group, Hit@[1, 5, 10]: [0.14444, 0.15556, 0.15556], NDCG@[1, 5, 10]: [0.14444, 0.14923, 0.14923]
INFO: [Epoch 4] User, Hit@[1, 5, 10]: [0.1581, 0.3658, 0.47758], NDCG@[1, 5, 10]: [0.1581, 0.26621, 0.30228]
INFO: ('## Finishing Time: {}', '2026-01-12 13:24:38')
INFO: = = = = = = = = = = = = = = = = = = = = 
INFO: Calculating Group Consensus (Top Keywords)...
INFO: Group: 媽祖會
INFO: Consensus: 厚繭, 多少, 內容, SPA, line, FB, 1599, 套餐, ID, hsiu0310
INFO: --------------------
INFO: Group: 媽祖與我♥️感恩的心分享
INFO: Consensus: FB, line, SPA, 金鑾宮, 厚繭, hsiu0310, 1599, 套餐, ID, 天后
INFO: --------------------
INFO: Group: 桃園在地生活大小事
INFO: Consensus: 多少, 厚繭, 內容, SPA, FB, hsiu0310, ID, 套餐, 1599, line
INFO: --------------------
INFO: Group: 台灣背包客棧－旅遊愛好者
INFO: Consensus: 厚繭, hsiu0310, 1599, 金鑾宮, 燕巢, FB, 名稱, 角質, ID, 媽祖
INFO: --------------------
INFO: Group: 臺灣文化政策與文化公共領域
INFO: Consensus: 厚繭, 1299, 項目, FB, ID, 套餐, 地址, id, 商品, hsiu0310
INFO: --------------------
INFO: Done!
