INFO: = = = = = = = = = = = = = = = = = = = = 
INFO: ('## Finishing Time:', '2026-01-12 13:18:46')
INFO: Namespace(seed=0, dataset='facebook', device='cuda:0', layers=4, emb_dim=32, num_negatives=8, topK=[1, 5, 10], epoch=2, learning_rate=0.001, batch_size=256, patience=4, predictor='MLP', loss_type='BPR', temp=[0.2, 0.4, 0.6, 0.8], cl_weight=[0.001, 0.01, 0.1])
INFO:  #Users 8814, #Items 369171, #Groups 30

INFO: ██Dataset: 	facebook
INFO: Loading pretrained item embeddings from data/facebook/item_embeddings.npy
INFO: Loaded embeddings with shape torch.Size([369171, 1024])
INFO: Idx = 1 / 12, cl_weight = 0.001, temp = 0.2: 
INFO: Epoch 0, group loss: 0.69900, Cost time: 1.76s
INFO: Epoch 0, user loss: 0.60385, Cost time: 1.77s
INFO: [Epoch 0] Group, Hit@[1, 5, 10]: [0.07778, 0.21111, 0.3], NDCG@[1, 5, 10]: [0.07778, 0.14524, 0.17439]
INFO: [Epoch 0] User, Hit@[1, 5, 10]: [0.18152, 0.40386, 0.51177], NDCG@[1, 5, 10]: [0.18152, 0.29705, 0.33203]
INFO: Epoch 1, group loss: 0.44607, Cost time: 0.08s
INFO: Epoch 1, user loss: 0.41331, Cost time: 1.68s
INFO: [Epoch 1] Group, Hit@[1, 5, 10]: [0.08889, 0.2, 0.31111], NDCG@[1, 5, 10]: [0.08889, 0.14184, 0.17586]
INFO: [Epoch 1] User, Hit@[1, 5, 10]: [0.19264, 0.42025, 0.52285], NDCG@[1, 5, 10]: [0.19264, 0.31151, 0.34477]
INFO: Idx = 2 / 12, cl_weight = 0.01, temp = 0.2: 
INFO: Epoch 0, group loss: 0.74738, Cost time: 0.08s
INFO: Epoch 0, user loss: 0.59405, Cost time: 1.69s
INFO: [Epoch 0] Group, Hit@[1, 5, 10]: [0.04444, 0.07778, 0.11111], NDCG@[1, 5, 10]: [0.04444, 0.06131, 0.07222]
INFO: [Epoch 0] User, Hit@[1, 5, 10]: [0.18448, 0.41108, 0.51395], NDCG@[1, 5, 10]: [0.18448, 0.30234, 0.33569]
INFO: Epoch 1, group loss: 0.76709, Cost time: 0.08s
INFO: Epoch 1, user loss: 0.41562, Cost time: 1.71s
INFO: [Epoch 1] Group, Hit@[1, 5, 10]: [0.01111, 0.08889, 0.12222], NDCG@[1, 5, 10]: [0.01111, 0.05011, 0.06067]
INFO: [Epoch 1] User, Hit@[1, 5, 10]: [0.19803, 0.42957, 0.52995], NDCG@[1, 5, 10]: [0.19803, 0.31909, 0.35155]
INFO: Idx = 3 / 12, cl_weight = 0.1, temp = 0.2: 
INFO: Epoch 0, group loss: 1.24522, Cost time: 0.09s
INFO: Epoch 0, user loss: 0.60014, Cost time: 1.87s
INFO: [Epoch 0] Group, Hit@[1, 5, 10]: [0.05556, 0.11111, 0.17778], NDCG@[1, 5, 10]: [0.05556, 0.07976, 0.10083]
INFO: [Epoch 0] User, Hit@[1, 5, 10]: [0.17, 0.3918, 0.50322], NDCG@[1, 5, 10]: [0.17, 0.28523, 0.32129]
INFO: Epoch 1, group loss: 1.07583, Cost time: 0.06s
INFO: Epoch 1, user loss: 0.40358, Cost time: 1.85s
INFO: [Epoch 1] Group, Hit@[1, 5, 10]: [0.07778, 0.07778, 0.08889], NDCG@[1, 5, 10]: [0.07778, 0.07778, 0.08148]
INFO: [Epoch 1] User, Hit@[1, 5, 10]: [0.18343, 0.40885, 0.51887], NDCG@[1, 5, 10]: [0.18343, 0.30136, 0.33698]
INFO: Idx = 4 / 12, cl_weight = 0.001, temp = 0.4: 
INFO: Epoch 0, group loss: 0.69837, Cost time: 0.06s
INFO: Epoch 0, user loss: 0.59164, Cost time: 1.58s
INFO: [Epoch 0] Group, Hit@[1, 5, 10]: [0.07778, 0.13333, 0.16667], NDCG@[1, 5, 10]: [0.07778, 0.10789, 0.1189]
INFO: [Epoch 0] User, Hit@[1, 5, 10]: [0.18526, 0.40924, 0.51325], NDCG@[1, 5, 10]: [0.18526, 0.30169, 0.33547]
INFO: Epoch 1, group loss: 0.61709, Cost time: 0.07s
INFO: Epoch 1, user loss: 0.41659, Cost time: 1.58s
INFO: [Epoch 1] Group, Hit@[1, 5, 10]: [0.05556, 0.06667, 0.07778], NDCG@[1, 5, 10]: [0.05556, 0.06111, 0.06462]
INFO: [Epoch 1] User, Hit@[1, 5, 10]: [0.1997, 0.43613, 0.53799], NDCG@[1, 5, 10]: [0.1997, 0.32308, 0.35602]
INFO: Idx = 5 / 12, cl_weight = 0.01, temp = 0.4: 
INFO: Epoch 0, group loss: 0.75049, Cost time: 0.07s
INFO: Epoch 0, user loss: 0.59187, Cost time: 1.76s
INFO: [Epoch 0] Group, Hit@[1, 5, 10]: [0.1, 0.24444, 0.34444], NDCG@[1, 5, 10]: [0.1, 0.17621, 0.20808]
INFO: [Epoch 0] User, Hit@[1, 5, 10]: [0.1844, 0.41108, 0.51629], NDCG@[1, 5, 10]: [0.1844, 0.30211, 0.33627]
INFO: Epoch 1, group loss: 0.45919, Cost time: 0.09s
INFO: Epoch 1, user loss: 0.41418, Cost time: 1.86s
INFO: [Epoch 1] Group, Hit@[1, 5, 10]: [0.1, 0.25556, 0.32222], NDCG@[1, 5, 10]: [0.1, 0.17694, 0.19797]
INFO: [Epoch 1] User, Hit@[1, 5, 10]: [0.19721, 0.4279, 0.53097], NDCG@[1, 5, 10]: [0.19721, 0.31774, 0.3511]
INFO: Idx = 6 / 12, cl_weight = 0.1, temp = 0.4: 
INFO: Epoch 0, group loss: 1.24243, Cost time: 0.09s
INFO: Epoch 0, user loss: 0.59863, Cost time: 1.87s
INFO: [Epoch 0] Group, Hit@[1, 5, 10]: [0.04444, 0.08889, 0.15556], NDCG@[1, 5, 10]: [0.04444, 0.06881, 0.08974]
INFO: [Epoch 0] User, Hit@[1, 5, 10]: [0.17375, 0.38828, 0.49467], NDCG@[1, 5, 10]: [0.17375, 0.28565, 0.32008]
INFO: Epoch 1, group loss: 1.17882, Cost time: 0.07s
INFO: Epoch 1, user loss: 0.40424, Cost time: 1.58s
INFO: [Epoch 1] Group, Hit@[1, 5, 10]: [0.0, 0.08889, 0.13333], NDCG@[1, 5, 10]: [0.0, 0.04804, 0.06151]
INFO: [Epoch 1] User, Hit@[1, 5, 10]: [0.18483, 0.40249, 0.50697], NDCG@[1, 5, 10]: [0.18483, 0.29895, 0.33267]
INFO: Idx = 7 / 12, cl_weight = 0.001, temp = 0.6: 
INFO: Epoch 0, group loss: 0.69895, Cost time: 0.07s
INFO: Epoch 0, user loss: 0.59454, Cost time: 1.58s
INFO: [Epoch 0] Group, Hit@[1, 5, 10]: [0.16667, 0.23333, 0.3], NDCG@[1, 5, 10]: [0.16667, 0.2002, 0.22202]
INFO: [Epoch 0] User, Hit@[1, 5, 10]: [0.18589, 0.4085, 0.51106], NDCG@[1, 5, 10]: [0.18589, 0.30185, 0.33506]
INFO: Epoch 1, group loss: 0.44839, Cost time: 0.08s
INFO: Epoch 1, user loss: 0.42013, Cost time: 1.85s
INFO: [Epoch 1] Group, Hit@[1, 5, 10]: [0.22222, 0.27778, 0.36667], NDCG@[1, 5, 10]: [0.22222, 0.25165, 0.27831]
INFO: [Epoch 1] User, Hit@[1, 5, 10]: [0.19771, 0.42505, 0.52328], NDCG@[1, 5, 10]: [0.19771, 0.31655, 0.34837]
INFO: Idx = 8 / 12, cl_weight = 0.01, temp = 0.6: 
INFO: Epoch 0, group loss: 0.74775, Cost time: 0.08s
INFO: Epoch 0, user loss: 0.59764, Cost time: 1.68s
INFO: [Epoch 0] Group, Hit@[1, 5, 10]: [0.11111, 0.2, 0.24444], NDCG@[1, 5, 10]: [0.11111, 0.15489, 0.1692]
INFO: [Epoch 0] User, Hit@[1, 5, 10]: [0.18074, 0.39765, 0.50283], NDCG@[1, 5, 10]: [0.18074, 0.29361, 0.3277]
INFO: Epoch 1, group loss: 0.54950, Cost time: 0.08s
INFO: Epoch 1, user loss: 0.40862, Cost time: 1.70s
INFO: [Epoch 1] Group, Hit@[1, 5, 10]: [0.12222, 0.15556, 0.2], NDCG@[1, 5, 10]: [0.12222, 0.13957, 0.15359]
INFO: [Epoch 1] User, Hit@[1, 5, 10]: [0.1926, 0.41783, 0.51867], NDCG@[1, 5, 10]: [0.1926, 0.31061, 0.34321]
INFO: Idx = 9 / 12, cl_weight = 0.1, temp = 0.6: 
INFO: Epoch 0, group loss: 1.24217, Cost time: 0.06s
INFO: Epoch 0, user loss: 0.60802, Cost time: 1.58s
INFO: [Epoch 0] Group, Hit@[1, 5, 10]: [0.05556, 0.12222, 0.15556], NDCG@[1, 5, 10]: [0.05556, 0.08406, 0.09461]
INFO: [Epoch 0] User, Hit@[1, 5, 10]: [0.1757, 0.39164, 0.50299], NDCG@[1, 5, 10]: [0.1757, 0.28803, 0.32402]
INFO: Epoch 1, group loss: 1.20791, Cost time: 0.08s
INFO: Epoch 1, user loss: 0.39789, Cost time: 1.68s
INFO: [Epoch 1] Group, Hit@[1, 5, 10]: [0.02222, 0.08889, 0.16667], NDCG@[1, 5, 10]: [0.02222, 0.05886, 0.08387]
INFO: [Epoch 1] User, Hit@[1, 5, 10]: [0.18007, 0.40101, 0.5127], NDCG@[1, 5, 10]: [0.18007, 0.2955, 0.33161]
INFO: Idx = 10 / 12, cl_weight = 0.001, temp = 0.8: 
INFO: Epoch 0, group loss: 0.69766, Cost time: 0.08s
INFO: Epoch 0, user loss: 0.59462, Cost time: 1.78s
INFO: [Epoch 0] Group, Hit@[1, 5, 10]: [0.02222, 0.18889, 0.23333], NDCG@[1, 5, 10]: [0.02222, 0.10694, 0.12191]
INFO: [Epoch 0] User, Hit@[1, 5, 10]: [0.183, 0.40912, 0.51434], NDCG@[1, 5, 10]: [0.183, 0.30059, 0.33465]
INFO: Epoch 1, group loss: 0.38176, Cost time: 0.10s
INFO: Epoch 1, user loss: 0.43184, Cost time: 1.89s
INFO: [Epoch 1] Group, Hit@[1, 5, 10]: [0.04444, 0.1, 0.16667], NDCG@[1, 5, 10]: [0.04444, 0.07436, 0.0951]
INFO: [Epoch 1] User, Hit@[1, 5, 10]: [0.19834, 0.42993, 0.52906], NDCG@[1, 5, 10]: [0.19834, 0.31976, 0.35193]
INFO: Idx = 11 / 12, cl_weight = 0.01, temp = 0.8: 
INFO: Epoch 0, group loss: 0.74821, Cost time: 0.08s
INFO: Epoch 0, user loss: 0.59939, Cost time: 1.58s
INFO: [Epoch 0] Group, Hit@[1, 5, 10]: [0.0, 0.0, 0.0], NDCG@[1, 5, 10]: [0.0, 0.0, 0.0]
INFO: [Epoch 0] User, Hit@[1, 5, 10]: [0.18042, 0.39894, 0.50677], NDCG@[1, 5, 10]: [0.18042, 0.29439, 0.32928]
INFO: Epoch 1, group loss: 0.98437, Cost time: 0.08s
INFO: Epoch 1, user loss: 0.41523, Cost time: 1.57s
INFO: [Epoch 1] Group, Hit@[1, 5, 10]: [0.04444, 0.05556, 0.05556], NDCG@[1, 5, 10]: [0.04444, 0.04923, 0.04923]
INFO: [Epoch 1] User, Hit@[1, 5, 10]: [0.19225, 0.41892, 0.52589], NDCG@[1, 5, 10]: [0.19225, 0.31078, 0.34544]
INFO: Idx = 12 / 12, cl_weight = 0.1, temp = 0.8: 
INFO: Epoch 0, group loss: 1.24106, Cost time: 0.07s
INFO: Epoch 0, user loss: 0.59889, Cost time: 1.58s
INFO: [Epoch 0] Group, Hit@[1, 5, 10]: [0.01111, 0.05556, 0.13333], NDCG@[1, 5, 10]: [0.01111, 0.03054, 0.05598]
INFO: [Epoch 0] User, Hit@[1, 5, 10]: [0.16536, 0.38376, 0.49459], NDCG@[1, 5, 10]: [0.16536, 0.27878, 0.31466]
INFO: Epoch 1, group loss: 0.99655, Cost time: 0.08s
INFO: Epoch 1, user loss: 0.39833, Cost time: 1.58s
INFO: [Epoch 1] Group, Hit@[1, 5, 10]: [0.03333, 0.06667, 0.12222], NDCG@[1, 5, 10]: [0.03333, 0.04874, 0.0666]
INFO: [Epoch 1] User, Hit@[1, 5, 10]: [0.17375, 0.39129, 0.49705], NDCG@[1, 5, 10]: [0.17375, 0.28742, 0.32155]
INFO: ('## Finishing Time: {}', '2026-01-12 13:19:55')
INFO: = = = = = = = = = = = = = = = = = = = = 
INFO: Calculating Group Consensus (Top Keywords)...
INFO: Group: 媽祖會
