INFO: = = = = = = = = = = = = = = = = = = = = 
INFO: ('## Finishing Time:', '2026-03-10 18:44:24')
INFO: Namespace(seed=0, dataset='facebook_stopwords', device='cuda:0', bge_path='/mnt/c1a908c8-4782-4898-8be7-c6be59a325d6/yyw/checkpoint/bge-large-zh', group_profile_path='', recent_k=200, layers=4, emb_dim=32, num_negatives=8, topK=[1, 5, 10], epoch=100, learning_rate=0.001, batch_size=512, patience=4, predictor='MLP', loss_type='BPR', temp=[0.2], cl_weight=[0.01], checkpoint_dir='./checkpoints/facebook_stopwords')
INFO:  #Users 8814, #Items 1996, #Groups 1127

INFO: ██Dataset: 	facebook_stopwords
WARNING: Pretrained item embeddings not found at data/facebook_stopwords/item_embeddings.npy
INFO: Idx = 1 / 1, cl_weight = 0.01, temp = 0.2: 
INFO: Epoch 0, group loss: 0.52497, Cost time: 317.95s
INFO: Epoch 0, user loss: 0.48207, Cost time: 9.15s
INFO: [Epoch 0] Group, Hit@[1, 5, 10]: [0.6749, 0.6749, 0.67901], NDCG@[1, 5, 10]: [0.6749, 0.6749, 0.67614]
INFO: [Epoch 0] User, Hit@[1, 5, 10]: [0.17186, 0.44596, 0.60425], NDCG@[1, 5, 10]: [0.17186, 0.31261, 0.36381]
INFO: New best model found at epoch 0 with Group NDCG@10: 0.67614. Saved to ./checkpoints/facebook_stopwords/model_facebook_stopwords_cl0.01_temp0.2.pth
INFO: Epoch 1, group loss: 0.49984, Cost time: 293.52s
INFO: Epoch 1, user loss: 0.45322, Cost time: 9.54s
INFO: [Epoch 1] Group, Hit@[1, 5, 10]: [0.61317, 0.61317, 0.6214], NDCG@[1, 5, 10]: [0.61317, 0.61317, 0.6156]
INFO: [Epoch 1] User, Hit@[1, 5, 10]: [0.18112, 0.44749, 0.60319], NDCG@[1, 5, 10]: [0.18112, 0.31703, 0.36726]
INFO: Epoch 2, group loss: 0.49420, Cost time: 306.58s
INFO: Epoch 2, user loss: 0.44070, Cost time: 9.59s
INFO: [Epoch 2] Group, Hit@[1, 5, 10]: [0.53909, 0.53909, 0.57613], NDCG@[1, 5, 10]: [0.53909, 0.53909, 0.55119]
INFO: [Epoch 2] User, Hit@[1, 5, 10]: [0.17976, 0.43251, 0.59699], NDCG@[1, 5, 10]: [0.17976, 0.30847, 0.36155]
INFO: Epoch 3, group loss: 0.49105, Cost time: 293.61s
INFO: Epoch 3, user loss: 0.43225, Cost time: 9.14s
INFO: [Epoch 3] Group, Hit@[1, 5, 10]: [0.52675, 0.53498, 0.56379], NDCG@[1, 5, 10]: [0.52675, 0.53011, 0.53914]
INFO: [Epoch 3] User, Hit@[1, 5, 10]: [0.18791, 0.42785, 0.59204], NDCG@[1, 5, 10]: [0.18791, 0.30893, 0.36189]
