INFO: = = = = = = = = = = = = = = = = = = = = 
INFO: ('## Finishing Time:', '2026-01-11 20:39:40')
INFO: Namespace(seed=0, dataset='facebook', device='cuda:0', layers=4, emb_dim=32, num_negatives=8, topK=[1, 5, 10], epoch=2, learning_rate=0.001, batch_size=128, patience=4, predictor='MLP', loss_type='BPR', temp=[0.2], cl_weight=[0.001])
INFO:  #Users 8814, #Items 369171, #Groups 30

INFO: ██Dataset: 	facebook
INFO: Loading pretrained item embeddings from data/facebook/item_embeddings.npy
INFO: Loaded embeddings with shape torch.Size([369171, 1024])
INFO: Idx = 1 / 1, cl_weight = 0.001, temp = 0.2: 
INFO: Epoch 0, group loss: 0.36609, Cost time: 2352.02s
INFO: Epoch 0, user loss: 0.47777, Cost time: 589.75s
INFO: [Epoch 0] Group, Hit@[1, 5, 10]: [0.32222, 0.32222, 0.33333], NDCG@[1, 5, 10]: [0.32222, 0.32222, 0.32557]
INFO: [Epoch 0] User, Hit@[1, 5, 10]: [0.45169, 0.68056, 0.80816], NDCG@[1, 5, 10]: [0.45169, 0.56789, 0.60931]
INFO: Epoch 1, group loss: 0.35883, Cost time: 3925.44s
INFO: Epoch 1, user loss: 0.46071, Cost time: 602.81s
INFO: [Epoch 1] Group, Hit@[1, 5, 10]: [0.36667, 0.37778, 0.41111], NDCG@[1, 5, 10]: [0.36667, 0.37222, 0.38262]
INFO: [Epoch 1] User, Hit@[1, 5, 10]: [0.48287, 0.67197, 0.80297], NDCG@[1, 5, 10]: [0.48287, 0.576, 0.61847]
INFO: ('## Finishing Time: {}', '2026-01-11 22:47:15')
INFO: = = = = = = = = = = = = = = = = = = = = 
INFO: Calculating Group Consensus (Top Keywords)...
INFO: Group: 媽祖會
